<testsuite name="order-process_tests" time="3.989" failures="0" errors="0" skipped="0" tests="4">
  <properties>
[...]
</properties>
  <testcase time="0.068" name="processOrders_internationalKeyReturnsInternationalOrders" classname="order-process_tests"/>
  <testcase time="0.034" name="processOrders_domesticKeyReturnsDomesticOrders" classname="order-process_tests"/>
  <testcase time="1.998" name="processOrders_returns2ElementMap" classname="order-process_tests"/>
  <testcase time="0.486" name="retrieveOrders_retrunList" classname="order-process_tests"/>
</testsuite>